<?xml version="1.0" encoding="UTF-8"?>
<testsuite name="com.example.demo.HanaTaxApplicationTests" tests="1" skipped="0" failures="0" errors="0" timestamp="2024-08-12T13:13:14" hostname="LAPTOP-ADGQIM11" time="1.562">
  <properties/>
  <testcase name="contextLoads()" classname="com.example.demo.HanaTaxApplicationTests" time="1.562"/>
  <system-out><![CDATA[22:13:05.749 [Test worker] INFO org.springframework.test.context.support.AnnotationConfigContextLoaderUtils -- Could not detect default configuration classes for test class [com.example.demo.HanaTaxApplicationTests]: HanaTaxApplicationTests does not declare any static, non-private, non-final, nested classes annotated with @Configuration.
22:13:05.969 [Test worker] INFO org.springframework.boot.test.context.SpringBootTestContextBootstrapper -- Found @SpringBootConfiguration com.example.demo.HanaTaxApplication for test class com.example.demo.HanaTaxApplicationTests

  .   ____          _            __ _ _
 /\\ / ___'_ __ _ _(_)_ __  __ _ \ \ \ \
( ( )\___ | '_ | '_| | '_ \/ _` | \ \ \ \
 \\/  ___)| |_)| | | | | || (_| |  ) ) ) )
  '  |____| .__|_| |_|_| |_\__, | / / / /
 =========|_|==============|___/=/_/_/_/

 :: Spring Boot ::                (v3.3.2)

2024-08-12T22:13:06.924+09:00  INFO 5668 --- [    Test worker] c.example.demo.HanaTaxApplicationTests   : Starting HanaTaxApplicationTests using Java 17.0.10 with PID 5668 (started by wldnj in C:\Users\wldnj\Desktop\hanaTax\hanaTax)
2024-08-12T22:13:06.926+09:00  INFO 5668 --- [    Test worker] c.example.demo.HanaTaxApplicationTests   : The following 1 profile is active: "local"
2024-08-12T22:13:08.109+09:00  INFO 5668 --- [    Test worker] .s.d.r.c.RepositoryConfigurationDelegate : Bootstrapping Spring Data JPA repositories in DEFAULT mode.
2024-08-12T22:13:08.152+09:00  INFO 5668 --- [    Test worker] .s.d.r.c.RepositoryConfigurationDelegate : Finished Spring Data repository scanning in 20 ms. Found 0 JPA repository interfaces.
2024-08-12T22:13:08.338+09:00  WARN 5668 --- [    Test worker] o.m.s.mapper.ClassPathMapperScanner      : No MyBatis mapper was found in '[com.example.demo]' package. Please check your configuration.
2024-08-12T22:13:09.168+09:00  INFO 5668 --- [    Test worker] com.zaxxer.hikari.HikariDataSource       : HikariPool-1 - Starting...
2024-08-12T22:13:10.303+09:00  INFO 5668 --- [    Test worker] com.zaxxer.hikari.pool.HikariPool        : HikariPool-1 - Added connection oracle.jdbc.driver.T4CConnection@2dbfa972
2024-08-12T22:13:10.307+09:00  INFO 5668 --- [    Test worker] com.zaxxer.hikari.HikariDataSource       : HikariPool-1 - Start completed.
2024-08-12T22:13:10.395+09:00  INFO 5668 --- [    Test worker] o.hibernate.jpa.internal.util.LogHelper  : HHH000204: Processing PersistenceUnitInfo [name: default]
2024-08-12T22:13:10.536+09:00  INFO 5668 --- [    Test worker] org.hibernate.Version                    : HHH000412: Hibernate ORM core version 6.5.2.Final
2024-08-12T22:13:10.617+09:00  INFO 5668 --- [    Test worker] o.h.c.internal.RegionFactoryInitiator    : HHH000026: Second-level cache disabled
2024-08-12T22:13:11.309+09:00  INFO 5668 --- [    Test worker] o.s.o.j.p.SpringPersistenceUnitInfo      : No LoadTimeWeaver setup: ignoring JPA class transformer
2024-08-12T22:13:12.778+09:00  INFO 5668 --- [    Test worker] o.h.e.t.j.p.i.JtaPlatformInitiator       : HHH000489: No JTA platform available (set 'hibernate.transaction.jta.platform' to enable JTA platform integration)
2024-08-12T22:13:12.798+09:00  INFO 5668 --- [    Test worker] j.LocalContainerEntityManagerFactoryBean : Initialized JPA EntityManagerFactory for persistence unit 'default'
2024-08-12T22:13:13.328+09:00  WARN 5668 --- [    Test worker] JpaBaseConfiguration$JpaWebConfiguration : spring.jpa.open-in-view is enabled by default. Therefore, database queries may be performed during view rendering. Explicitly configure spring.jpa.open-in-view to disable this warning
2024-08-12T22:13:14.815+09:00  INFO 5668 --- [    Test worker] c.example.demo.HanaTaxApplicationTests   : Started HanaTaxApplicationTests in 8.479 seconds (process running for 11.073)
]]></system-out>
  <system-err><![CDATA[]]></system-err>
</testsuite>
