<?xml version="1.0" encoding="UTF-8"?>
<testsuite name="com.example.demo.HanaTaxApplicationTests" tests="1" skipped="0" failures="0" errors="0" timestamp="2024-08-14T02:30:20" hostname="LAPTOP-ADGQIM11" time="2.632">
  <properties/>
  <testcase name="contextLoads()" classname="com.example.demo.HanaTaxApplicationTests" time="2.632"/>
  <system-out><![CDATA[11:30:05.379 [Test worker] INFO org.springframework.test.context.support.AnnotationConfigContextLoaderUtils -- Could not detect default configuration classes for test class [com.example.demo.HanaTaxApplicationTests]: HanaTaxApplicationTests does not declare any static, non-private, non-final, nested classes annotated with @Configuration.
11:30:05.666 [Test worker] INFO org.springframework.boot.test.context.SpringBootTestContextBootstrapper -- Found @SpringBootConfiguration com.example.demo.HanaTaxApplication for test class com.example.demo.HanaTaxApplicationTests

  .   ____          _            __ _ _
 /\\ / ___'_ __ _ _(_)_ __  __ _ \ \ \ \
( ( )\___ | '_ | '_| | '_ \/ _` | \ \ \ \
 \\/  ___)| |_)| | | | | || (_| |  ) ) ) )
  '  |____| .__|_| |_|_| |_\__, | / / / /
 =========|_|==============|___/=/_/_/_/

 :: Spring Boot ::                (v3.3.2)

2024-08-14T11:30:07.122+09:00  INFO 19296 --- [    Test worker] c.example.demo.HanaTaxApplicationTests   : Starting HanaTaxApplicationTests using Java 17.0.10 with PID 19296 (started by wldnj in C:\Users\wldnj\Desktop\hanaTax\hanaTax)
2024-08-14T11:30:07.125+09:00  INFO 19296 --- [    Test worker] c.example.demo.HanaTaxApplicationTests   : The following 1 profile is active: "local"
2024-08-14T11:30:09.248+09:00  INFO 19296 --- [    Test worker] .s.d.r.c.RepositoryConfigurationDelegate : Bootstrapping Spring Data JPA repositories in DEFAULT mode.
2024-08-14T11:30:09.301+09:00  INFO 19296 --- [    Test worker] .s.d.r.c.RepositoryConfigurationDelegate : Finished Spring Data repository scanning in 27 ms. Found 0 JPA repository interfaces.
2024-08-14T11:30:09.551+09:00  WARN 19296 --- [    Test worker] o.m.s.mapper.ClassPathMapperScanner      : No MyBatis mapper was found in '[com.example.demo]' package. Please check your configuration.
2024-08-14T11:30:10.787+09:00  INFO 19296 --- [    Test worker] com.zaxxer.hikari.HikariDataSource       : HikariPool-1 - Starting...
2024-08-14T11:30:14.150+09:00  INFO 19296 --- [    Test worker] com.zaxxer.hikari.pool.HikariPool        : HikariPool-1 - Added connection oracle.jdbc.driver.T4CConnection@6afbe6a1
2024-08-14T11:30:14.155+09:00  INFO 19296 --- [    Test worker] com.zaxxer.hikari.HikariDataSource       : HikariPool-1 - Start completed.
2024-08-14T11:30:14.274+09:00  INFO 19296 --- [    Test worker] o.hibernate.jpa.internal.util.LogHelper  : HHH000204: Processing PersistenceUnitInfo [name: default]
2024-08-14T11:30:14.498+09:00  INFO 19296 --- [    Test worker] org.hibernate.Version                    : HHH000412: Hibernate ORM core version 6.5.2.Final
2024-08-14T11:30:14.614+09:00  INFO 19296 --- [    Test worker] o.h.c.internal.RegionFactoryInitiator    : HHH000026: Second-level cache disabled
2024-08-14T11:30:15.716+09:00  INFO 19296 --- [    Test worker] o.s.o.j.p.SpringPersistenceUnitInfo      : No LoadTimeWeaver setup: ignoring JPA class transformer
2024-08-14T11:30:17.710+09:00  INFO 19296 --- [    Test worker] o.h.e.t.j.p.i.JtaPlatformInitiator       : HHH000489: No JTA platform available (set 'hibernate.transaction.jta.platform' to enable JTA platform integration)
2024-08-14T11:30:17.736+09:00  INFO 19296 --- [    Test worker] j.LocalContainerEntityManagerFactoryBean : Initialized JPA EntityManagerFactory for persistence unit 'default'
2024-08-14T11:30:18.548+09:00  WARN 19296 --- [    Test worker] JpaBaseConfiguration$JpaWebConfiguration : spring.jpa.open-in-view is enabled by default. Therefore, database queries may be performed during view rendering. Explicitly configure spring.jpa.open-in-view to disable this warning
2024-08-14T11:30:20.879+09:00  INFO 19296 --- [    Test worker] c.example.demo.HanaTaxApplicationTests   : Started HanaTaxApplicationTests in 14.569 seconds (process running for 18.584)
]]></system-out>
  <system-err><![CDATA[]]></system-err>
</testsuite>
